2025-09-13 15:23:11,644 [INFO] Config lanes: moto=1, other=2
2025-09-13 15:23:19,912 [INFO] Config lanes: moto=1, other=2
2025-09-13 15:23:19,913 [INFO] User uploaded video: phamvandong.mp4
2025-09-13 15:23:28,342 [INFO] Config lanes: moto=1, other=3
2025-09-13 15:23:28,343 [INFO] User uploaded video: phamvandong.mp4
2025-09-13 15:23:30,314 [INFO] Config lanes: moto=1, other=3
2025-09-13 15:23:30,315 [INFO] User uploaded video: phamvandong.mp4
2025-09-13 15:23:32,489 [INFO] Saved temp video -> temp_video.mp4
2025-09-13 15:23:32,489 [INFO] Start mode = draw
2025-09-13 15:23:32,492 [INFO] Start running YOLO + OpenCV (main_streamlit)
2025-09-13 15:24:49,432 [INFO] Config lanes: moto=1, other=3
2025-09-13 15:24:49,434 [INFO] User uploaded video: phamvandong.mp4
2025-09-13 15:24:52,184 [INFO] Config lanes: moto=1, other=3
2025-09-13 15:24:52,185 [INFO] User uploaded video: phamvandong.mp4
2025-09-13 15:24:54,576 [INFO] Config lanes: moto=1, other=3
2025-09-13 15:24:54,576 [INFO] User uploaded video: phamvandong.mp4
2025-09-14 18:03:58,300 [INFO] Config lanes: moto=1, other=2
2025-09-14 18:04:06,372 [INFO] Config lanes: moto=1, other=2
2025-09-14 18:04:06,372 [INFO] User uploaded video: phamvandong.mp4
2025-09-14 18:04:15,757 [INFO] Config lanes: moto=1, other=2
2025-09-14 18:04:15,757 [INFO] User uploaded video: phamvandong.mp4
2025-09-14 18:04:17,839 [INFO] User uploaded video: phamvandong.mp4
2025-09-14 18:04:19,385 [INFO] User uploaded video: phamvandong.mp4
2025-09-14 18:04:19,715 [INFO] Saved temp video -> temp_video.mp4
2025-09-14 18:04:19,715 [INFO] Loaded custom lane JSON -> temp_lanes.json
2025-09-14 18:04:19,715 [INFO] Start mode = json_custom
2025-09-14 18:04:19,715 [INFO] Start running YOLO + OpenCV (main_streamlit)
2025-09-14 18:04:48,738 [INFO] User uploaded video: phamvandong.mp4
2025-09-14 18:04:50,795 [INFO] User uploaded video: phamvandong.mp4
2025-09-16 08:05:09,168 [INFO] Config lanes: moto=1, other=2
2025-09-16 08:05:18,216 [INFO] Config lanes: moto=0, other=2
2025-09-16 08:05:18,369 [ERROR] Task exception was never retrieved
